[2018/01/13 20:22:59] E_NOTICE ::1 /recommender/ Undefined index: username file: /opt/lampp/htdocs/recommender/html/bulletin/index.php line: 18
[2018/01/13 20:22:59] E_NOTICE ::1 /recommender/ Undefined index: body file: /opt/lampp/htdocs/recommender/html/bulletin/index.php line: 24
[2018/01/13 20:22:59] E_NOTICE ::1 /recommender/ Undefined index: created_at file: /opt/lampp/htdocs/recommender/html/bulletin/index.php line: 34
[2018/01/13 20:22:59] E_NOTICE ::1 /recommender/ Undefined index: username file: /opt/lampp/htdocs/recommender/html/bulletin/index.php line: 18
[2018/01/13 20:22:59] E_NOTICE ::1 /recommender/ Undefined index: body file: /opt/lampp/htdocs/recommender/html/bulletin/index.php line: 24
[2018/01/13 20:22:59] E_NOTICE ::1 /recommender/ Undefined index: created_at file: /opt/lampp/htdocs/recommender/html/bulletin/index.php line: 34
[2018/01/13 20:22:59] E_NOTICE ::1 /recommender/ Undefined index: username file: /opt/lampp/htdocs/recommender/html/bulletin/index.php line: 18
[2018/01/13 20:22:59] E_NOTICE ::1 /recommender/ Undefined index: body file: /opt/lampp/htdocs/recommender/html/bulletin/index.php line: 24
[2018/01/13 20:22:59] E_NOTICE ::1 /recommender/ Undefined index: created_at file: /opt/lampp/htdocs/recommender/html/bulletin/index.php line: 34
[2018/01/13 20:22:59] E_NOTICE ::1 /recommender/ Undefined index: username file: /opt/lampp/htdocs/recommender/html/bulletin/index.php line: 18
[2018/01/13 20:22:59] E_NOTICE ::1 /recommender/ Undefined index: body file: /opt/lampp/htdocs/recommender/html/bulletin/index.php line: 24
[2018/01/13 20:22:59] E_NOTICE ::1 /recommender/ Undefined index: created_at file: /opt/lampp/htdocs/recommender/html/bulletin/index.php line: 34
[2018/01/13 20:22:59] E_NOTICE ::1 /recommender/ Undefined index: username file: /opt/lampp/htdocs/recommender/html/bulletin/index.php line: 18
[2018/01/13 20:22:59] E_NOTICE ::1 /recommender/ Undefined index: body file: /opt/lampp/htdocs/recommender/html/bulletin/index.php line: 24
[2018/01/13 20:22:59] E_NOTICE ::1 /recommender/ Undefined index: created_at file: /opt/lampp/htdocs/recommender/html/bulletin/index.php line: 34
[2018/01/13 20:22:59] E_NOTICE ::1 /recommender/ Undefined index: username file: /opt/lampp/htdocs/recommender/html/bulletin/index.php line: 18
[2018/01/13 20:22:59] E_NOTICE ::1 /recommender/ Undefined index: body file: /opt/lampp/htdocs/recommender/html/bulletin/index.php line: 24
[2018/01/13 20:22:59] E_NOTICE ::1 /recommender/ Undefined index: created_at file: /opt/lampp/htdocs/recommender/html/bulletin/index.php line: 34
[2018/01/13 20:22:59] E_NOTICE ::1 /recommender/ Undefined index: username file: /opt/lampp/htdocs/recommender/html/bulletin/index.php line: 18
[2018/01/13 20:22:59] E_NOTICE ::1 /recommender/ Undefined index: body file: /opt/lampp/htdocs/recommender/html/bulletin/index.php line: 24
[2018/01/13 20:22:59] E_NOTICE ::1 /recommender/ Undefined index: created_at file: /opt/lampp/htdocs/recommender/html/bulletin/index.php line: 34
[2018/01/13 20:22:59] E_NOTICE ::1 /recommender/ Undefined index: username file: /opt/lampp/htdocs/recommender/html/bulletin/index.php line: 18
[2018/01/13 20:22:59] E_NOTICE ::1 /recommender/ Undefined index: body file: /opt/lampp/htdocs/recommender/html/bulletin/index.php line: 24
[2018/01/13 20:22:59] E_NOTICE ::1 /recommender/ Undefined index: created_at file: /opt/lampp/htdocs/recommender/html/bulletin/index.php line: 34
[2018/01/13 20:22:59] E_NOTICE ::1 /recommender/ Undefined index: username file: /opt/lampp/htdocs/recommender/html/bulletin/index.php line: 18
[2018/01/13 20:22:59] E_NOTICE ::1 /recommender/ Undefined index: body file: /opt/lampp/htdocs/recommender/html/bulletin/index.php line: 24
[2018/01/13 20:22:59] E_NOTICE ::1 /recommender/ Undefined index: created_at file: /opt/lampp/htdocs/recommender/html/bulletin/index.php line: 34
[2018/01/13 20:22:59] E_NOTICE ::1 /recommender/ Undefined index: username file: /opt/lampp/htdocs/recommender/html/bulletin/index.php line: 18
[2018/01/13 20:22:59] E_NOTICE ::1 /recommender/ Undefined index: body file: /opt/lampp/htdocs/recommender/html/bulletin/index.php line: 24
[2018/01/13 20:22:59] E_NOTICE ::1 /recommender/ Undefined index: created_at file: /opt/lampp/htdocs/recommender/html/bulletin/index.php line: 34
[2018/01/13 20:25:32] E_NOTICE ::1 /recommender/ Undefined index: username file: /opt/lampp/htdocs/recommender/html/bulletin/index.php line: 18
[2018/01/13 20:25:32] E_NOTICE ::1 /recommender/ Undefined index: body file: /opt/lampp/htdocs/recommender/html/bulletin/index.php line: 24
[2018/01/13 20:25:32] E_NOTICE ::1 /recommender/ Undefined index: created_at file: /opt/lampp/htdocs/recommender/html/bulletin/index.php line: 34
[2018/01/13 20:25:32] E_NOTICE ::1 /recommender/ Undefined index: username file: /opt/lampp/htdocs/recommender/html/bulletin/index.php line: 18
[2018/01/13 20:25:32] E_NOTICE ::1 /recommender/ Undefined index: body file: /opt/lampp/htdocs/recommender/html/bulletin/index.php line: 24
[2018/01/13 20:25:32] E_NOTICE ::1 /recommender/ Undefined index: created_at file: /opt/lampp/htdocs/recommender/html/bulletin/index.php line: 34
[2018/01/13 20:25:32] E_NOTICE ::1 /recommender/ Undefined index: username file: /opt/lampp/htdocs/recommender/html/bulletin/index.php line: 18
[2018/01/13 20:25:32] E_NOTICE ::1 /recommender/ Undefined index: body file: /opt/lampp/htdocs/recommender/html/bulletin/index.php line: 24
[2018/01/13 20:25:32] E_NOTICE ::1 /recommender/ Undefined index: created_at file: /opt/lampp/htdocs/recommender/html/bulletin/index.php line: 34
[2018/01/13 20:25:32] E_NOTICE ::1 /recommender/ Undefined index: username file: /opt/lampp/htdocs/recommender/html/bulletin/index.php line: 18
[2018/01/13 20:25:32] E_NOTICE ::1 /recommender/ Undefined index: body file: /opt/lampp/htdocs/recommender/html/bulletin/index.php line: 24
[2018/01/13 20:25:32] E_NOTICE ::1 /recommender/ Undefined index: created_at file: /opt/lampp/htdocs/recommender/html/bulletin/index.php line: 34
[2018/01/13 20:25:32] E_NOTICE ::1 /recommender/ Undefined index: username file: /opt/lampp/htdocs/recommender/html/bulletin/index.php line: 18
[2018/01/13 20:25:32] E_NOTICE ::1 /recommender/ Undefined index: body file: /opt/lampp/htdocs/recommender/html/bulletin/index.php line: 24
[2018/01/13 20:25:32] E_NOTICE ::1 /recommender/ Undefined index: created_at file: /opt/lampp/htdocs/recommender/html/bulletin/index.php line: 34
[2018/01/13 20:25:32] E_NOTICE ::1 /recommender/ Undefined index: username file: /opt/lampp/htdocs/recommender/html/bulletin/index.php line: 18
[2018/01/13 20:25:32] E_NOTICE ::1 /recommender/ Undefined index: body file: /opt/lampp/htdocs/recommender/html/bulletin/index.php line: 24
[2018/01/13 20:25:32] E_NOTICE ::1 /recommender/ Undefined index: created_at file: /opt/lampp/htdocs/recommender/html/bulletin/index.php line: 34
[2018/01/13 20:25:32] E_NOTICE ::1 /recommender/ Undefined index: username file: /opt/lampp/htdocs/recommender/html/bulletin/index.php line: 18
[2018/01/13 20:25:32] E_NOTICE ::1 /recommender/ Undefined index: body file: /opt/lampp/htdocs/recommender/html/bulletin/index.php line: 24
[2018/01/13 20:25:32] E_NOTICE ::1 /recommender/ Undefined index: created_at file: /opt/lampp/htdocs/recommender/html/bulletin/index.php line: 34
[2018/01/13 20:25:32] E_NOTICE ::1 /recommender/ Undefined index: username file: /opt/lampp/htdocs/recommender/html/bulletin/index.php line: 18
[2018/01/13 20:25:32] E_NOTICE ::1 /recommender/ Undefined index: body file: /opt/lampp/htdocs/recommender/html/bulletin/index.php line: 24
[2018/01/13 20:25:32] E_NOTICE ::1 /recommender/ Undefined index: created_at file: /opt/lampp/htdocs/recommender/html/bulletin/index.php line: 34
[2018/01/13 20:25:32] E_NOTICE ::1 /recommender/ Undefined index: username file: /opt/lampp/htdocs/recommender/html/bulletin/index.php line: 18
[2018/01/13 20:25:32] E_NOTICE ::1 /recommender/ Undefined index: body file: /opt/lampp/htdocs/recommender/html/bulletin/index.php line: 24
[2018/01/13 20:25:32] E_NOTICE ::1 /recommender/ Undefined index: created_at file: /opt/lampp/htdocs/recommender/html/bulletin/index.php line: 34
[2018/01/13 20:25:32] E_NOTICE ::1 /recommender/ Undefined index: username file: /opt/lampp/htdocs/recommender/html/bulletin/index.php line: 18
[2018/01/13 20:25:32] E_NOTICE ::1 /recommender/ Undefined index: body file: /opt/lampp/htdocs/recommender/html/bulletin/index.php line: 24
[2018/01/13 20:25:32] E_NOTICE ::1 /recommender/ Undefined index: created_at file: /opt/lampp/htdocs/recommender/html/bulletin/index.php line: 34
[2018/01/13 20:25:45] E_NOTICE ::1 /recommender/?page=5 Undefined index: username file: /opt/lampp/htdocs/recommender/html/bulletin/index.php line: 18
[2018/01/13 20:25:45] E_NOTICE ::1 /recommender/?page=5 Undefined index: body file: /opt/lampp/htdocs/recommender/html/bulletin/index.php line: 24
[2018/01/13 20:25:45] E_NOTICE ::1 /recommender/?page=5 Undefined index: created_at file: /opt/lampp/htdocs/recommender/html/bulletin/index.php line: 34
[2018/01/13 20:25:45] E_NOTICE ::1 /recommender/?page=5 Undefined index: username file: /opt/lampp/htdocs/recommender/html/bulletin/index.php line: 18
[2018/01/13 20:25:45] E_NOTICE ::1 /recommender/?page=5 Undefined index: body file: /opt/lampp/htdocs/recommender/html/bulletin/index.php line: 24
[2018/01/13 20:25:45] E_NOTICE ::1 /recommender/?page=5 Undefined index: created_at file: /opt/lampp/htdocs/recommender/html/bulletin/index.php line: 34
[2018/01/13 20:25:45] E_NOTICE ::1 /recommender/?page=5 Undefined index: username file: /opt/lampp/htdocs/recommender/html/bulletin/index.php line: 18
[2018/01/13 20:25:45] E_NOTICE ::1 /recommender/?page=5 Undefined index: body file: /opt/lampp/htdocs/recommender/html/bulletin/index.php line: 24
[2018/01/13 20:25:45] E_NOTICE ::1 /recommender/?page=5 Undefined index: created_at file: /opt/lampp/htdocs/recommender/html/bulletin/index.php line: 34
[2018/01/13 20:25:45] E_NOTICE ::1 /recommender/?page=5 Undefined index: username file: /opt/lampp/htdocs/recommender/html/bulletin/index.php line: 18
[2018/01/13 20:25:45] E_NOTICE ::1 /recommender/?page=5 Undefined index: body file: /opt/lampp/htdocs/recommender/html/bulletin/index.php line: 24
[2018/01/13 20:25:45] E_NOTICE ::1 /recommender/?page=5 Undefined index: created_at file: /opt/lampp/htdocs/recommender/html/bulletin/index.php line: 34
[2018/01/13 20:25:45] E_NOTICE ::1 /recommender/?page=5 Undefined index: username file: /opt/lampp/htdocs/recommender/html/bulletin/index.php line: 18
[2018/01/13 20:25:45] E_NOTICE ::1 /recommender/?page=5 Undefined index: body file: /opt/lampp/htdocs/recommender/html/bulletin/index.php line: 24
[2018/01/13 20:25:45] E_NOTICE ::1 /recommender/?page=5 Undefined index: created_at file: /opt/lampp/htdocs/recommender/html/bulletin/index.php line: 34
[2018/01/13 20:25:45] E_NOTICE ::1 /recommender/?page=5 Undefined index: username file: /opt/lampp/htdocs/recommender/html/bulletin/index.php line: 18
[2018/01/13 20:25:45] E_NOTICE ::1 /recommender/?page=5 Undefined index: body file: /opt/lampp/htdocs/recommender/html/bulletin/index.php line: 24
[2018/01/13 20:25:45] E_NOTICE ::1 /recommender/?page=5 Undefined index: created_at file: /opt/lampp/htdocs/recommender/html/bulletin/index.php line: 34
[2018/01/13 20:25:45] E_NOTICE ::1 /recommender/?page=5 Undefined index: username file: /opt/lampp/htdocs/recommender/html/bulletin/index.php line: 18
[2018/01/13 20:25:45] E_NOTICE ::1 /recommender/?page=5 Undefined index: body file: /opt/lampp/htdocs/recommender/html/bulletin/index.php line: 24
[2018/01/13 20:25:45] E_NOTICE ::1 /recommender/?page=5 Undefined index: created_at file: /opt/lampp/htdocs/recommender/html/bulletin/index.php line: 34
[2018/01/13 20:25:45] E_NOTICE ::1 /recommender/?page=5 Undefined index: username file: /opt/lampp/htdocs/recommender/html/bulletin/index.php line: 18
[2018/01/13 20:25:45] E_NOTICE ::1 /recommender/?page=5 Undefined index: body file: /opt/lampp/htdocs/recommender/html/bulletin/index.php line: 24
[2018/01/13 20:25:45] E_NOTICE ::1 /recommender/?page=5 Undefined index: created_at file: /opt/lampp/htdocs/recommender/html/bulletin/index.php line: 34
[2018/01/13 20:25:45] E_NOTICE ::1 /recommender/?page=5 Undefined index: username file: /opt/lampp/htdocs/recommender/html/bulletin/index.php line: 18
[2018/01/13 20:25:45] E_NOTICE ::1 /recommender/?page=5 Undefined index: body file: /opt/lampp/htdocs/recommender/html/bulletin/index.php line: 24
[2018/01/13 20:25:45] E_NOTICE ::1 /recommender/?page=5 Undefined index: created_at file: /opt/lampp/htdocs/recommender/html/bulletin/index.php line: 34
[2018/01/13 20:25:45] E_NOTICE ::1 /recommender/?page=5 Undefined index: username file: /opt/lampp/htdocs/recommender/html/bulletin/index.php line: 18
[2018/01/13 20:25:45] E_NOTICE ::1 /recommender/?page=5 Undefined index: body file: /opt/lampp/htdocs/recommender/html/bulletin/index.php line: 24
[2018/01/13 20:25:45] E_NOTICE ::1 /recommender/?page=5 Undefined index: created_at file: /opt/lampp/htdocs/recommender/html/bulletin/index.php line: 34
[2018/01/13 20:25:49] E_NOTICE ::1 /recommender/?page=30 Undefined index: username file: /opt/lampp/htdocs/recommender/html/bulletin/index.php line: 18
[2018/01/13 20:25:49] E_NOTICE ::1 /recommender/?page=30 Undefined index: body file: /opt/lampp/htdocs/recommender/html/bulletin/index.php line: 24
[2018/01/13 20:25:49] E_NOTICE ::1 /recommender/?page=30 Undefined index: created_at file: /opt/lampp/htdocs/recommender/html/bulletin/index.php line: 34
[2018/01/13 20:25:49] E_NOTICE ::1 /recommender/?page=30 Undefined index: username file: /opt/lampp/htdocs/recommender/html/bulletin/index.php line: 18
[2018/01/13 20:25:49] E_NOTICE ::1 /recommender/?page=30 Undefined index: body file: /opt/lampp/htdocs/recommender/html/bulletin/index.php line: 24
[2018/01/13 20:25:49] E_NOTICE ::1 /recommender/?page=30 Undefined index: created_at file: /opt/lampp/htdocs/recommender/html/bulletin/index.php line: 34
[2018/01/13 20:25:49] E_NOTICE ::1 /recommender/?page=30 Undefined index: username file: /opt/lampp/htdocs/recommender/html/bulletin/index.php line: 18
[2018/01/13 20:25:49] E_NOTICE ::1 /recommender/?page=30 Undefined index: body file: /opt/lampp/htdocs/recommender/html/bulletin/index.php line: 24
[2018/01/13 20:25:49] E_NOTICE ::1 /recommender/?page=30 Undefined index: created_at file: /opt/lampp/htdocs/recommender/html/bulletin/index.php line: 34
[2018/01/13 20:25:49] E_NOTICE ::1 /recommender/?page=30 Undefined index: username file: /opt/lampp/htdocs/recommender/html/bulletin/index.php line: 18
[2018/01/13 20:25:49] E_NOTICE ::1 /recommender/?page=30 Undefined index: body file: /opt/lampp/htdocs/recommender/html/bulletin/index.php line: 24
[2018/01/13 20:25:49] E_NOTICE ::1 /recommender/?page=30 Undefined index: created_at file: /opt/lampp/htdocs/recommender/html/bulletin/index.php line: 34
[2018/01/13 20:25:49] E_NOTICE ::1 /recommender/?page=30 Undefined index: username file: /opt/lampp/htdocs/recommender/html/bulletin/index.php line: 18
[2018/01/13 20:25:49] E_NOTICE ::1 /recommender/?page=30 Undefined index: body file: /opt/lampp/htdocs/recommender/html/bulletin/index.php line: 24
[2018/01/13 20:25:49] E_NOTICE ::1 /recommender/?page=30 Undefined index: created_at file: /opt/lampp/htdocs/recommender/html/bulletin/index.php line: 34
[2018/01/13 20:25:49] E_NOTICE ::1 /recommender/?page=30 Undefined index: username file: /opt/lampp/htdocs/recommender/html/bulletin/index.php line: 18
[2018/01/13 20:25:49] E_NOTICE ::1 /recommender/?page=30 Undefined index: body file: /opt/lampp/htdocs/recommender/html/bulletin/index.php line: 24
[2018/01/13 20:25:49] E_NOTICE ::1 /recommender/?page=30 Undefined index: created_at file: /opt/lampp/htdocs/recommender/html/bulletin/index.php line: 34
[2018/01/13 20:25:49] E_NOTICE ::1 /recommender/?page=30 Undefined index: username file: /opt/lampp/htdocs/recommender/html/bulletin/index.php line: 18
[2018/01/13 20:25:49] E_NOTICE ::1 /recommender/?page=30 Undefined index: body file: /opt/lampp/htdocs/recommender/html/bulletin/index.php line: 24
[2018/01/13 20:25:49] E_NOTICE ::1 /recommender/?page=30 Undefined index: created_at file: /opt/lampp/htdocs/recommender/html/bulletin/index.php line: 34
[2018/01/13 20:25:49] E_NOTICE ::1 /recommender/?page=30 Undefined index: username file: /opt/lampp/htdocs/recommender/html/bulletin/index.php line: 18
[2018/01/13 20:25:49] E_NOTICE ::1 /recommender/?page=30 Undefined index: body file: /opt/lampp/htdocs/recommender/html/bulletin/index.php line: 24
[2018/01/13 20:25:49] E_NOTICE ::1 /recommender/?page=30 Undefined index: created_at file: /opt/lampp/htdocs/recommender/html/bulletin/index.php line: 34
[2018/01/13 20:25:49] E_NOTICE ::1 /recommender/?page=30 Undefined index: username file: /opt/lampp/htdocs/recommender/html/bulletin/index.php line: 18
[2018/01/13 20:25:49] E_NOTICE ::1 /recommender/?page=30 Undefined index: body file: /opt/lampp/htdocs/recommender/html/bulletin/index.php line: 24
[2018/01/13 20:25:49] E_NOTICE ::1 /recommender/?page=30 Undefined index: created_at file: /opt/lampp/htdocs/recommender/html/bulletin/index.php line: 34
[2018/01/13 20:26:00] E_NOTICE ::1 /recommender/ Undefined index: username file: /opt/lampp/htdocs/recommender/html/bulletin/index.php line: 18
[2018/01/13 20:26:00] E_NOTICE ::1 /recommender/ Undefined index: body file: /opt/lampp/htdocs/recommender/html/bulletin/index.php line: 24
[2018/01/13 20:26:00] E_NOTICE ::1 /recommender/ Undefined index: created_at file: /opt/lampp/htdocs/recommender/html/bulletin/index.php line: 34
[2018/01/13 20:26:00] E_NOTICE ::1 /recommender/ Undefined index: username file: /opt/lampp/htdocs/recommender/html/bulletin/index.php line: 18
[2018/01/13 20:26:00] E_NOTICE ::1 /recommender/ Undefined index: body file: /opt/lampp/htdocs/recommender/html/bulletin/index.php line: 24
[2018/01/13 20:26:00] E_NOTICE ::1 /recommender/ Undefined index: created_at file: /opt/lampp/htdocs/recommender/html/bulletin/index.php line: 34
[2018/01/13 20:26:00] E_NOTICE ::1 /recommender/ Undefined index: username file: /opt/lampp/htdocs/recommender/html/bulletin/index.php line: 18
[2018/01/13 20:26:00] E_NOTICE ::1 /recommender/ Undefined index: body file: /opt/lampp/htdocs/recommender/html/bulletin/index.php line: 24
[2018/01/13 20:26:00] E_NOTICE ::1 /recommender/ Undefined index: created_at file: /opt/lampp/htdocs/recommender/html/bulletin/index.php line: 34
[2018/01/13 20:26:00] E_NOTICE ::1 /recommender/ Undefined index: username file: /opt/lampp/htdocs/recommender/html/bulletin/index.php line: 18
[2018/01/13 20:26:00] E_NOTICE ::1 /recommender/ Undefined index: body file: /opt/lampp/htdocs/recommender/html/bulletin/index.php line: 24
[2018/01/13 20:26:00] E_NOTICE ::1 /recommender/ Undefined index: created_at file: /opt/lampp/htdocs/recommender/html/bulletin/index.php line: 34
[2018/01/13 20:26:00] E_NOTICE ::1 /recommender/ Undefined index: username file: /opt/lampp/htdocs/recommender/html/bulletin/index.php line: 18
[2018/01/13 20:26:00] E_NOTICE ::1 /recommender/ Undefined index: body file: /opt/lampp/htdocs/recommender/html/bulletin/index.php line: 24
[2018/01/13 20:26:00] E_NOTICE ::1 /recommender/ Undefined index: created_at file: /opt/lampp/htdocs/recommender/html/bulletin/index.php line: 34
[2018/01/13 20:26:00] E_NOTICE ::1 /recommender/ Undefined index: username file: /opt/lampp/htdocs/recommender/html/bulletin/index.php line: 18
[2018/01/13 20:26:00] E_NOTICE ::1 /recommender/ Undefined index: body file: /opt/lampp/htdocs/recommender/html/bulletin/index.php line: 24
[2018/01/13 20:26:00] E_NOTICE ::1 /recommender/ Undefined index: created_at file: /opt/lampp/htdocs/recommender/html/bulletin/index.php line: 34
[2018/01/13 20:26:00] E_NOTICE ::1 /recommender/ Undefined index: username file: /opt/lampp/htdocs/recommender/html/bulletin/index.php line: 18
[2018/01/13 20:26:00] E_NOTICE ::1 /recommender/ Undefined index: body file: /opt/lampp/htdocs/recommender/html/bulletin/index.php line: 24
[2018/01/13 20:26:00] E_NOTICE ::1 /recommender/ Undefined index: created_at file: /opt/lampp/htdocs/recommender/html/bulletin/index.php line: 34
[2018/01/13 20:26:00] E_NOTICE ::1 /recommender/ Undefined index: username file: /opt/lampp/htdocs/recommender/html/bulletin/index.php line: 18
[2018/01/13 20:26:00] E_NOTICE ::1 /recommender/ Undefined index: body file: /opt/lampp/htdocs/recommender/html/bulletin/index.php line: 24
[2018/01/13 20:26:00] E_NOTICE ::1 /recommender/ Undefined index: created_at file: /opt/lampp/htdocs/recommender/html/bulletin/index.php line: 34
[2018/01/13 20:26:00] E_NOTICE ::1 /recommender/ Undefined index: username file: /opt/lampp/htdocs/recommender/html/bulletin/index.php line: 18
[2018/01/13 20:26:00] E_NOTICE ::1 /recommender/ Undefined index: body file: /opt/lampp/htdocs/recommender/html/bulletin/index.php line: 24
[2018/01/13 20:26:00] E_NOTICE ::1 /recommender/ Undefined index: created_at file: /opt/lampp/htdocs/recommender/html/bulletin/index.php line: 34
[2018/01/13 20:26:00] E_NOTICE ::1 /recommender/ Undefined index: username file: /opt/lampp/htdocs/recommender/html/bulletin/index.php line: 18
[2018/01/13 20:26:00] E_NOTICE ::1 /recommender/ Undefined index: body file: /opt/lampp/htdocs/recommender/html/bulletin/index.php line: 24
[2018/01/13 20:26:00] E_NOTICE ::1 /recommender/ Undefined index: created_at file: /opt/lampp/htdocs/recommender/html/bulletin/index.php line: 34
[2018/01/13 20:49:52] E_NOTICE ::1 /recommender/ Undefined index: username file: /opt/lampp/htdocs/recommender/html/bulletin/index.php line: 18
[2018/01/13 20:49:52] E_NOTICE ::1 /recommender/ Undefined index: body file: /opt/lampp/htdocs/recommender/html/bulletin/index.php line: 24
[2018/01/13 20:49:52] E_NOTICE ::1 /recommender/ Undefined index: created_at file: /opt/lampp/htdocs/recommender/html/bulletin/index.php line: 34
[2018/01/13 20:49:52] E_NOTICE ::1 /recommender/ Undefined index: username file: /opt/lampp/htdocs/recommender/html/bulletin/index.php line: 18
[2018/01/13 20:49:52] E_NOTICE ::1 /recommender/ Undefined index: body file: /opt/lampp/htdocs/recommender/html/bulletin/index.php line: 24
[2018/01/13 20:49:52] E_NOTICE ::1 /recommender/ Undefined index: created_at file: /opt/lampp/htdocs/recommender/html/bulletin/index.php line: 34
[2018/01/13 20:49:52] E_NOTICE ::1 /recommender/ Undefined index: username file: /opt/lampp/htdocs/recommender/html/bulletin/index.php line: 18
[2018/01/13 20:49:52] E_NOTICE ::1 /recommender/ Undefined index: body file: /opt/lampp/htdocs/recommender/html/bulletin/index.php line: 24
[2018/01/13 20:49:52] E_NOTICE ::1 /recommender/ Undefined index: created_at file: /opt/lampp/htdocs/recommender/html/bulletin/index.php line: 34
[2018/01/13 20:49:52] E_NOTICE ::1 /recommender/ Undefined index: username file: /opt/lampp/htdocs/recommender/html/bulletin/index.php line: 18
[2018/01/13 20:49:52] E_NOTICE ::1 /recommender/ Undefined index: body file: /opt/lampp/htdocs/recommender/html/bulletin/index.php line: 24
[2018/01/13 20:49:52] E_NOTICE ::1 /recommender/ Undefined index: created_at file: /opt/lampp/htdocs/recommender/html/bulletin/index.php line: 34
[2018/01/13 20:49:52] E_NOTICE ::1 /recommender/ Undefined index: username file: /opt/lampp/htdocs/recommender/html/bulletin/index.php line: 18
[2018/01/13 20:49:52] E_NOTICE ::1 /recommender/ Undefined index: body file: /opt/lampp/htdocs/recommender/html/bulletin/index.php line: 24
[2018/01/13 20:49:52] E_NOTICE ::1 /recommender/ Undefined index: created_at file: /opt/lampp/htdocs/recommender/html/bulletin/index.php line: 34
[2018/01/13 20:49:52] E_NOTICE ::1 /recommender/ Undefined index: username file: /opt/lampp/htdocs/recommender/html/bulletin/index.php line: 18
[2018/01/13 20:49:52] E_NOTICE ::1 /recommender/ Undefined index: body file: /opt/lampp/htdocs/recommender/html/bulletin/index.php line: 24
[2018/01/13 20:49:52] E_NOTICE ::1 /recommender/ Undefined index: created_at file: /opt/lampp/htdocs/recommender/html/bulletin/index.php line: 34
[2018/01/13 20:49:52] E_NOTICE ::1 /recommender/ Undefined index: username file: /opt/lampp/htdocs/recommender/html/bulletin/index.php line: 18
[2018/01/13 20:49:52] E_NOTICE ::1 /recommender/ Undefined index: body file: /opt/lampp/htdocs/recommender/html/bulletin/index.php line: 24
[2018/01/13 20:49:52] E_NOTICE ::1 /recommender/ Undefined index: created_at file: /opt/lampp/htdocs/recommender/html/bulletin/index.php line: 34
[2018/01/13 20:49:52] E_NOTICE ::1 /recommender/ Undefined index: username file: /opt/lampp/htdocs/recommender/html/bulletin/index.php line: 18
[2018/01/13 20:49:52] E_NOTICE ::1 /recommender/ Undefined index: body file: /opt/lampp/htdocs/recommender/html/bulletin/index.php line: 24
[2018/01/13 20:49:52] E_NOTICE ::1 /recommender/ Undefined index: created_at file: /opt/lampp/htdocs/recommender/html/bulletin/index.php line: 34
[2018/01/13 20:49:52] E_NOTICE ::1 /recommender/ Undefined index: username file: /opt/lampp/htdocs/recommender/html/bulletin/index.php line: 18
[2018/01/13 20:49:52] E_NOTICE ::1 /recommender/ Undefined index: body file: /opt/lampp/htdocs/recommender/html/bulletin/index.php line: 24
[2018/01/13 20:49:52] E_NOTICE ::1 /recommender/ Undefined index: created_at file: /opt/lampp/htdocs/recommender/html/bulletin/index.php line: 34
[2018/01/13 20:49:52] E_NOTICE ::1 /recommender/ Undefined index: username file: /opt/lampp/htdocs/recommender/html/bulletin/index.php line: 18
[2018/01/13 20:49:52] E_NOTICE ::1 /recommender/ Undefined index: body file: /opt/lampp/htdocs/recommender/html/bulletin/index.php line: 24
[2018/01/13 20:49:52] E_NOTICE ::1 /recommender/ Undefined index: created_at file: /opt/lampp/htdocs/recommender/html/bulletin/index.php line: 34
[2018/01/13 20:53:52] E_NOTICE ::1 /recommender/ Undefined index: username file: /opt/lampp/htdocs/recommender/html/bulletin/index.php line: 18
[2018/01/13 20:53:52] E_NOTICE ::1 /recommender/ Undefined index: body file: /opt/lampp/htdocs/recommender/html/bulletin/index.php line: 24
[2018/01/13 20:53:52] E_NOTICE ::1 /recommender/ Undefined index: created_at file: /opt/lampp/htdocs/recommender/html/bulletin/index.php line: 34
[2018/01/13 20:53:52] E_NOTICE ::1 /recommender/ Undefined index: username file: /opt/lampp/htdocs/recommender/html/bulletin/index.php line: 18
[2018/01/13 20:53:52] E_NOTICE ::1 /recommender/ Undefined index: body file: /opt/lampp/htdocs/recommender/html/bulletin/index.php line: 24
[2018/01/13 20:53:52] E_NOTICE ::1 /recommender/ Undefined index: created_at file: /opt/lampp/htdocs/recommender/html/bulletin/index.php line: 34
[2018/01/13 20:53:52] E_NOTICE ::1 /recommender/ Undefined index: username file: /opt/lampp/htdocs/recommender/html/bulletin/index.php line: 18
[2018/01/13 20:53:52] E_NOTICE ::1 /recommender/ Undefined index: body file: /opt/lampp/htdocs/recommender/html/bulletin/index.php line: 24
[2018/01/13 20:53:52] E_NOTICE ::1 /recommender/ Undefined index: created_at file: /opt/lampp/htdocs/recommender/html/bulletin/index.php line: 34
[2018/01/13 20:53:52] E_NOTICE ::1 /recommender/ Undefined index: username file: /opt/lampp/htdocs/recommender/html/bulletin/index.php line: 18
[2018/01/13 20:53:52] E_NOTICE ::1 /recommender/ Undefined index: body file: /opt/lampp/htdocs/recommender/html/bulletin/index.php line: 24
[2018/01/13 20:53:52] E_NOTICE ::1 /recommender/ Undefined index: created_at file: /opt/lampp/htdocs/recommender/html/bulletin/index.php line: 34
[2018/01/13 20:53:52] E_NOTICE ::1 /recommender/ Undefined index: username file: /opt/lampp/htdocs/recommender/html/bulletin/index.php line: 18
[2018/01/13 20:53:52] E_NOTICE ::1 /recommender/ Undefined index: body file: /opt/lampp/htdocs/recommender/html/bulletin/index.php line: 24
[2018/01/13 20:53:52] E_NOTICE ::1 /recommender/ Undefined index: created_at file: /opt/lampp/htdocs/recommender/html/bulletin/index.php line: 34
[2018/01/13 20:53:52] E_NOTICE ::1 /recommender/ Undefined index: username file: /opt/lampp/htdocs/recommender/html/bulletin/index.php line: 18
[2018/01/13 20:53:52] E_NOTICE ::1 /recommender/ Undefined index: body file: /opt/lampp/htdocs/recommender/html/bulletin/index.php line: 24
[2018/01/13 20:53:52] E_NOTICE ::1 /recommender/ Undefined index: created_at file: /opt/lampp/htdocs/recommender/html/bulletin/index.php line: 34
[2018/01/13 20:53:52] E_NOTICE ::1 /recommender/ Undefined index: username file: /opt/lampp/htdocs/recommender/html/bulletin/index.php line: 18
[2018/01/13 20:53:52] E_NOTICE ::1 /recommender/ Undefined index: body file: /opt/lampp/htdocs/recommender/html/bulletin/index.php line: 24
[2018/01/13 20:53:52] E_NOTICE ::1 /recommender/ Undefined index: created_at file: /opt/lampp/htdocs/recommender/html/bulletin/index.php line: 34
[2018/01/13 20:53:52] E_NOTICE ::1 /recommender/ Undefined index: username file: /opt/lampp/htdocs/recommender/html/bulletin/index.php line: 18
[2018/01/13 20:53:52] E_NOTICE ::1 /recommender/ Undefined index: body file: /opt/lampp/htdocs/recommender/html/bulletin/index.php line: 24
[2018/01/13 20:53:52] E_NOTICE ::1 /recommender/ Undefined index: created_at file: /opt/lampp/htdocs/recommender/html/bulletin/index.php line: 34
[2018/01/13 20:53:52] E_NOTICE ::1 /recommender/ Undefined index: username file: /opt/lampp/htdocs/recommender/html/bulletin/index.php line: 18
[2018/01/13 20:53:52] E_NOTICE ::1 /recommender/ Undefined index: body file: /opt/lampp/htdocs/recommender/html/bulletin/index.php line: 24
[2018/01/13 20:53:52] E_NOTICE ::1 /recommender/ Undefined index: created_at file: /opt/lampp/htdocs/recommender/html/bulletin/index.php line: 34
[2018/01/13 20:53:52] E_NOTICE ::1 /recommender/ Undefined index: username file: /opt/lampp/htdocs/recommender/html/bulletin/index.php line: 18
[2018/01/13 20:53:52] E_NOTICE ::1 /recommender/ Undefined index: body file: /opt/lampp/htdocs/recommender/html/bulletin/index.php line: 24
[2018/01/13 20:53:52] E_NOTICE ::1 /recommender/ Undefined index: created_at file: /opt/lampp/htdocs/recommender/html/bulletin/index.php line: 34
[2018/01/13 20:53:58] E_NOTICE ::1 /recommender/ Undefined index: username file: /opt/lampp/htdocs/recommender/html/bulletin/index.php line: 18
[2018/01/13 20:53:58] E_NOTICE ::1 /recommender/ Undefined index: body file: /opt/lampp/htdocs/recommender/html/bulletin/index.php line: 24
[2018/01/13 20:53:58] E_NOTICE ::1 /recommender/ Undefined index: created_at file: /opt/lampp/htdocs/recommender/html/bulletin/index.php line: 34
[2018/01/13 20:53:58] E_NOTICE ::1 /recommender/ Undefined index: username file: /opt/lampp/htdocs/recommender/html/bulletin/index.php line: 18
[2018/01/13 20:53:58] E_NOTICE ::1 /recommender/ Undefined index: body file: /opt/lampp/htdocs/recommender/html/bulletin/index.php line: 24
[2018/01/13 20:53:58] E_NOTICE ::1 /recommender/ Undefined index: created_at file: /opt/lampp/htdocs/recommender/html/bulletin/index.php line: 34
[2018/01/13 20:53:58] E_NOTICE ::1 /recommender/ Undefined index: username file: /opt/lampp/htdocs/recommender/html/bulletin/index.php line: 18
[2018/01/13 20:53:58] E_NOTICE ::1 /recommender/ Undefined index: body file: /opt/lampp/htdocs/recommender/html/bulletin/index.php line: 24
[2018/01/13 20:53:58] E_NOTICE ::1 /recommender/ Undefined index: created_at file: /opt/lampp/htdocs/recommender/html/bulletin/index.php line: 34
[2018/01/13 20:53:58] E_NOTICE ::1 /recommender/ Undefined index: username file: /opt/lampp/htdocs/recommender/html/bulletin/index.php line: 18
[2018/01/13 20:53:58] E_NOTICE ::1 /recommender/ Undefined index: body file: /opt/lampp/htdocs/recommender/html/bulletin/index.php line: 24
[2018/01/13 20:53:58] E_NOTICE ::1 /recommender/ Undefined index: created_at file: /opt/lampp/htdocs/recommender/html/bulletin/index.php line: 34
[2018/01/13 20:53:58] E_NOTICE ::1 /recommender/ Undefined index: username file: /opt/lampp/htdocs/recommender/html/bulletin/index.php line: 18
[2018/01/13 20:53:58] E_NOTICE ::1 /recommender/ Undefined index: body file: /opt/lampp/htdocs/recommender/html/bulletin/index.php line: 24
[2018/01/13 20:53:58] E_NOTICE ::1 /recommender/ Undefined index: created_at file: /opt/lampp/htdocs/recommender/html/bulletin/index.php line: 34
[2018/01/13 20:53:58] E_NOTICE ::1 /recommender/ Undefined index: username file: /opt/lampp/htdocs/recommender/html/bulletin/index.php line: 18
[2018/01/13 20:53:58] E_NOTICE ::1 /recommender/ Undefined index: body file: /opt/lampp/htdocs/recommender/html/bulletin/index.php line: 24
[2018/01/13 20:53:58] E_NOTICE ::1 /recommender/ Undefined index: created_at file: /opt/lampp/htdocs/recommender/html/bulletin/index.php line: 34
[2018/01/13 20:53:58] E_NOTICE ::1 /recommender/ Undefined index: username file: /opt/lampp/htdocs/recommender/html/bulletin/index.php line: 18
[2018/01/13 20:53:58] E_NOTICE ::1 /recommender/ Undefined index: body file: /opt/lampp/htdocs/recommender/html/bulletin/index.php line: 24
[2018/01/13 20:53:58] E_NOTICE ::1 /recommender/ Undefined index: created_at file: /opt/lampp/htdocs/recommender/html/bulletin/index.php line: 34
[2018/01/13 20:53:58] E_NOTICE ::1 /recommender/ Undefined index: username file: /opt/lampp/htdocs/recommender/html/bulletin/index.php line: 18
[2018/01/13 20:53:58] E_NOTICE ::1 /recommender/ Undefined index: body file: /opt/lampp/htdocs/recommender/html/bulletin/index.php line: 24
[2018/01/13 20:53:58] E_NOTICE ::1 /recommender/ Undefined index: created_at file: /opt/lampp/htdocs/recommender/html/bulletin/index.php line: 34
[2018/01/13 20:53:58] E_NOTICE ::1 /recommender/ Undefined index: username file: /opt/lampp/htdocs/recommender/html/bulletin/index.php line: 18
[2018/01/13 20:53:58] E_NOTICE ::1 /recommender/ Undefined index: body file: /opt/lampp/htdocs/recommender/html/bulletin/index.php line: 24
[2018/01/13 20:53:58] E_NOTICE ::1 /recommender/ Undefined index: created_at file: /opt/lampp/htdocs/recommender/html/bulletin/index.php line: 34
[2018/01/13 20:53:58] E_NOTICE ::1 /recommender/ Undefined index: username file: /opt/lampp/htdocs/recommender/html/bulletin/index.php line: 18
[2018/01/13 20:53:58] E_NOTICE ::1 /recommender/ Undefined index: body file: /opt/lampp/htdocs/recommender/html/bulletin/index.php line: 24
[2018/01/13 20:53:58] E_NOTICE ::1 /recommender/ Undefined index: created_at file: /opt/lampp/htdocs/recommender/html/bulletin/index.php line: 34
[2018/01/13 20:54:36] E_NOTICE ::1 /recommender/ Undefined index: username file: /opt/lampp/htdocs/recommender/html/bulletin/index.php line: 18
[2018/01/13 20:54:36] E_NOTICE ::1 /recommender/ Undefined index: body file: /opt/lampp/htdocs/recommender/html/bulletin/index.php line: 24
[2018/01/13 20:54:36] E_NOTICE ::1 /recommender/ Undefined index: created_at file: /opt/lampp/htdocs/recommender/html/bulletin/index.php line: 34
[2018/01/13 20:54:36] E_NOTICE ::1 /recommender/ Undefined index: username file: /opt/lampp/htdocs/recommender/html/bulletin/index.php line: 18
[2018/01/13 20:54:36] E_NOTICE ::1 /recommender/ Undefined index: body file: /opt/lampp/htdocs/recommender/html/bulletin/index.php line: 24
[2018/01/13 20:54:36] E_NOTICE ::1 /recommender/ Undefined index: created_at file: /opt/lampp/htdocs/recommender/html/bulletin/index.php line: 34
[2018/01/13 20:54:36] E_NOTICE ::1 /recommender/ Undefined index: username file: /opt/lampp/htdocs/recommender/html/bulletin/index.php line: 18
[2018/01/13 20:54:36] E_NOTICE ::1 /recommender/ Undefined index: body file: /opt/lampp/htdocs/recommender/html/bulletin/index.php line: 24
[2018/01/13 20:54:36] E_NOTICE ::1 /recommender/ Undefined index: created_at file: /opt/lampp/htdocs/recommender/html/bulletin/index.php line: 34
[2018/01/13 20:54:36] E_NOTICE ::1 /recommender/ Undefined index: username file: /opt/lampp/htdocs/recommender/html/bulletin/index.php line: 18
[2018/01/13 20:54:36] E_NOTICE ::1 /recommender/ Undefined index: body file: /opt/lampp/htdocs/recommender/html/bulletin/index.php line: 24
[2018/01/13 20:54:36] E_NOTICE ::1 /recommender/ Undefined index: created_at file: /opt/lampp/htdocs/recommender/html/bulletin/index.php line: 34
[2018/01/13 20:54:36] E_NOTICE ::1 /recommender/ Undefined index: username file: /opt/lampp/htdocs/recommender/html/bulletin/index.php line: 18
[2018/01/13 20:54:36] E_NOTICE ::1 /recommender/ Undefined index: body file: /opt/lampp/htdocs/recommender/html/bulletin/index.php line: 24
[2018/01/13 20:54:36] E_NOTICE ::1 /recommender/ Undefined index: created_at file: /opt/lampp/htdocs/recommender/html/bulletin/index.php line: 34
[2018/01/13 20:54:36] E_NOTICE ::1 /recommender/ Undefined index: username file: /opt/lampp/htdocs/recommender/html/bulletin/index.php line: 18
[2018/01/13 20:54:36] E_NOTICE ::1 /recommender/ Undefined index: body file: /opt/lampp/htdocs/recommender/html/bulletin/index.php line: 24
[2018/01/13 20:54:36] E_NOTICE ::1 /recommender/ Undefined index: created_at file: /opt/lampp/htdocs/recommender/html/bulletin/index.php line: 34
[2018/01/13 20:54:36] E_NOTICE ::1 /recommender/ Undefined index: username file: /opt/lampp/htdocs/recommender/html/bulletin/index.php line: 18
[2018/01/13 20:54:36] E_NOTICE ::1 /recommender/ Undefined index: body file: /opt/lampp/htdocs/recommender/html/bulletin/index.php line: 24
[2018/01/13 20:54:36] E_NOTICE ::1 /recommender/ Undefined index: created_at file: /opt/lampp/htdocs/recommender/html/bulletin/index.php line: 34
[2018/01/13 20:54:36] E_NOTICE ::1 /recommender/ Undefined index: username file: /opt/lampp/htdocs/recommender/html/bulletin/index.php line: 18
[2018/01/13 20:54:36] E_NOTICE ::1 /recommender/ Undefined index: body file: /opt/lampp/htdocs/recommender/html/bulletin/index.php line: 24
[2018/01/13 20:54:36] E_NOTICE ::1 /recommender/ Undefined index: created_at file: /opt/lampp/htdocs/recommender/html/bulletin/index.php line: 34
[2018/01/13 20:54:36] E_NOTICE ::1 /recommender/ Undefined index: username file: /opt/lampp/htdocs/recommender/html/bulletin/index.php line: 18
[2018/01/13 20:54:36] E_NOTICE ::1 /recommender/ Undefined index: body file: /opt/lampp/htdocs/recommender/html/bulletin/index.php line: 24
[2018/01/13 20:54:36] E_NOTICE ::1 /recommender/ Undefined index: created_at file: /opt/lampp/htdocs/recommender/html/bulletin/index.php line: 34
[2018/01/13 20:54:36] E_NOTICE ::1 /recommender/ Undefined index: username file: /opt/lampp/htdocs/recommender/html/bulletin/index.php line: 18
[2018/01/13 20:54:36] E_NOTICE ::1 /recommender/ Undefined index: body file: /opt/lampp/htdocs/recommender/html/bulletin/index.php line: 24
[2018/01/13 20:54:36] E_NOTICE ::1 /recommender/ Undefined index: created_at file: /opt/lampp/htdocs/recommender/html/bulletin/index.php line: 34
[2018/01/13 20:54:38] E_NOTICE ::1 /recommender/ Undefined index: username file: /opt/lampp/htdocs/recommender/html/bulletin/index.php line: 18
[2018/01/13 20:54:38] E_NOTICE ::1 /recommender/ Undefined index: body file: /opt/lampp/htdocs/recommender/html/bulletin/index.php line: 24
[2018/01/13 20:54:38] E_NOTICE ::1 /recommender/ Undefined index: created_at file: /opt/lampp/htdocs/recommender/html/bulletin/index.php line: 34
[2018/01/13 20:54:38] E_NOTICE ::1 /recommender/ Undefined index: username file: /opt/lampp/htdocs/recommender/html/bulletin/index.php line: 18
[2018/01/13 20:54:38] E_NOTICE ::1 /recommender/ Undefined index: body file: /opt/lampp/htdocs/recommender/html/bulletin/index.php line: 24
[2018/01/13 20:54:38] E_NOTICE ::1 /recommender/ Undefined index: created_at file: /opt/lampp/htdocs/recommender/html/bulletin/index.php line: 34
[2018/01/13 20:54:38] E_NOTICE ::1 /recommender/ Undefined index: username file: /opt/lampp/htdocs/recommender/html/bulletin/index.php line: 18
[2018/01/13 20:54:38] E_NOTICE ::1 /recommender/ Undefined index: body file: /opt/lampp/htdocs/recommender/html/bulletin/index.php line: 24
[2018/01/13 20:54:38] E_NOTICE ::1 /recommender/ Undefined index: created_at file: /opt/lampp/htdocs/recommender/html/bulletin/index.php line: 34
[2018/01/13 20:54:38] E_NOTICE ::1 /recommender/ Undefined index: username file: /opt/lampp/htdocs/recommender/html/bulletin/index.php line: 18
[2018/01/13 20:54:38] E_NOTICE ::1 /recommender/ Undefined index: body file: /opt/lampp/htdocs/recommender/html/bulletin/index.php line: 24
[2018/01/13 20:54:38] E_NOTICE ::1 /recommender/ Undefined index: created_at file: /opt/lampp/htdocs/recommender/html/bulletin/index.php line: 34
[2018/01/13 20:54:38] E_NOTICE ::1 /recommender/ Undefined index: username file: /opt/lampp/htdocs/recommender/html/bulletin/index.php line: 18
[2018/01/13 20:54:38] E_NOTICE ::1 /recommender/ Undefined index: body file: /opt/lampp/htdocs/recommender/html/bulletin/index.php line: 24
[2018/01/13 20:54:38] E_NOTICE ::1 /recommender/ Undefined index: created_at file: /opt/lampp/htdocs/recommender/html/bulletin/index.php line: 34
[2018/01/13 20:54:38] E_NOTICE ::1 /recommender/ Undefined index: username file: /opt/lampp/htdocs/recommender/html/bulletin/index.php line: 18
[2018/01/13 20:54:38] E_NOTICE ::1 /recommender/ Undefined index: body file: /opt/lampp/htdocs/recommender/html/bulletin/index.php line: 24
[2018/01/13 20:54:38] E_NOTICE ::1 /recommender/ Undefined index: created_at file: /opt/lampp/htdocs/recommender/html/bulletin/index.php line: 34
[2018/01/13 20:54:38] E_NOTICE ::1 /recommender/ Undefined index: username file: /opt/lampp/htdocs/recommender/html/bulletin/index.php line: 18
[2018/01/13 20:54:38] E_NOTICE ::1 /recommender/ Undefined index: body file: /opt/lampp/htdocs/recommender/html/bulletin/index.php line: 24
[2018/01/13 20:54:38] E_NOTICE ::1 /recommender/ Undefined index: created_at file: /opt/lampp/htdocs/recommender/html/bulletin/index.php line: 34
[2018/01/13 20:54:38] E_NOTICE ::1 /recommender/ Undefined index: username file: /opt/lampp/htdocs/recommender/html/bulletin/index.php line: 18
[2018/01/13 20:54:38] E_NOTICE ::1 /recommender/ Undefined index: body file: /opt/lampp/htdocs/recommender/html/bulletin/index.php line: 24
[2018/01/13 20:54:38] E_NOTICE ::1 /recommender/ Undefined index: created_at file: /opt/lampp/htdocs/recommender/html/bulletin/index.php line: 34
[2018/01/13 20:54:38] E_NOTICE ::1 /recommender/ Undefined index: username file: /opt/lampp/htdocs/recommender/html/bulletin/index.php line: 18
[2018/01/13 20:54:38] E_NOTICE ::1 /recommender/ Undefined index: body file: /opt/lampp/htdocs/recommender/html/bulletin/index.php line: 24
[2018/01/13 20:54:38] E_NOTICE ::1 /recommender/ Undefined index: created_at file: /opt/lampp/htdocs/recommender/html/bulletin/index.php line: 34
[2018/01/13 20:54:38] E_NOTICE ::1 /recommender/ Undefined index: username file: /opt/lampp/htdocs/recommender/html/bulletin/index.php line: 18
[2018/01/13 20:54:38] E_NOTICE ::1 /recommender/ Undefined index: body file: /opt/lampp/htdocs/recommender/html/bulletin/index.php line: 24
[2018/01/13 20:54:38] E_NOTICE ::1 /recommender/ Undefined index: created_at file: /opt/lampp/htdocs/recommender/html/bulletin/index.php line: 34
[2018/01/13 20:57:11] E_NOTICE ::1 /recommender/ Undefined index: created_at file: /opt/lampp/htdocs/recommender/html/bulletin/index.php line: 31
[2018/01/13 20:57:11] E_NOTICE ::1 /recommender/ Undefined index: created_at file: /opt/lampp/htdocs/recommender/html/bulletin/index.php line: 31
[2018/01/13 20:57:11] E_NOTICE ::1 /recommender/ Undefined index: created_at file: /opt/lampp/htdocs/recommender/html/bulletin/index.php line: 31
[2018/01/13 20:57:11] E_NOTICE ::1 /recommender/ Undefined index: created_at file: /opt/lampp/htdocs/recommender/html/bulletin/index.php line: 31
[2018/01/13 20:57:11] E_NOTICE ::1 /recommender/ Undefined index: created_at file: /opt/lampp/htdocs/recommender/html/bulletin/index.php line: 31
[2018/01/13 20:57:11] E_NOTICE ::1 /recommender/ Undefined index: created_at file: /opt/lampp/htdocs/recommender/html/bulletin/index.php line: 31
[2018/01/13 20:57:11] E_NOTICE ::1 /recommender/ Undefined index: created_at file: /opt/lampp/htdocs/recommender/html/bulletin/index.php line: 31
[2018/01/13 20:57:11] E_NOTICE ::1 /recommender/ Undefined index: created_at file: /opt/lampp/htdocs/recommender/html/bulletin/index.php line: 31
[2018/01/13 20:57:11] E_NOTICE ::1 /recommender/ Undefined index: created_at file: /opt/lampp/htdocs/recommender/html/bulletin/index.php line: 31
[2018/01/13 20:57:11] E_NOTICE ::1 /recommender/ Undefined index: created_at file: /opt/lampp/htdocs/recommender/html/bulletin/index.php line: 31
[2018/01/13 22:19:12] E_NOTICE ::1 /recommender/article.php?id=35 Undefined variable: similar file: /opt/lampp/htdocs/recommender/classes/Controller/Bulletin.php line: 52
[2018/01/13 22:20:11] E_NOTICE ::1 /recommender/article.php?id=35 Undefined index: title file: /opt/lampp/htdocs/recommender/html/bulletin/article.php line: 9
[2018/01/13 22:20:11] E_NOTICE ::1 /recommender/article.php?id=35 Undefined index: content file: /opt/lampp/htdocs/recommender/html/bulletin/article.php line: 12
[2018/01/13 22:20:11] E_NOTICE ::1 /recommender/article.php?id=35 Undefined index: date file: /opt/lampp/htdocs/recommender/html/bulletin/article.php line: 15
[2018/01/13 22:20:11] E_NOTICE ::1 /recommender/article.php?id=35 Undefined index: url file: /opt/lampp/htdocs/recommender/html/bulletin/article.php line: 18
[2018/01/13 22:20:11] E_NOTICE ::1 /recommender/article.php?id=35 Undefined index: url file: /opt/lampp/htdocs/recommender/html/bulletin/article.php line: 18
[2018/01/13 22:20:11] E_NOTICE ::1 /recommender/article.php?id=35 Undefined variable: page file: /opt/lampp/htdocs/recommender/html/bulletin/article.php line: 51
[2018/01/13 22:22:21] E_NOTICE ::1 /recommender/article.php?id=35 Undefined variable: page file: /opt/lampp/htdocs/recommender/html/bulletin/article.php line: 51
[2018/01/13 22:23:54] E_WARNING ::1 /recommender/article.php?id=35 substr() expects at least 2 parameters, 1 given file: /opt/lampp/htdocs/recommender/html/bulletin/article.php line: 18
[2018/01/13 22:23:54] E_WARNING ::1 /recommender/article.php?id=35 htmlentities(): charset `23' not supported, assuming utf-8 file: /opt/lampp/htdocs/recommender/lib/functions.php line: 13
[2018/01/13 22:23:54] E_NOTICE ::1 /recommender/article.php?id=35 Undefined variable: page file: /opt/lampp/htdocs/recommender/html/bulletin/article.php line: 51
[2018/01/13 22:25:21] E_WARNING ::1 /recommender/article.php?id=35 substr() expects at least 2 parameters, 1 given file: /opt/lampp/htdocs/recommender/html/bulletin/article.php line: 18
[2018/01/13 22:25:21] E_WARNING ::1 /recommender/article.php?id=35 htmlentities(): charset `23' not supported, assuming utf-8 file: /opt/lampp/htdocs/recommender/lib/functions.php line: 13
[2018/01/13 22:25:21] E_NOTICE ::1 /recommender/article.php?id=35 Undefined variable: page file: /opt/lampp/htdocs/recommender/html/bulletin/article.php line: 51
[2018/01/13 22:25:55] E_NOTICE ::1 /recommender/article.php?id=35 Undefined variable: page file: /opt/lampp/htdocs/recommender/html/bulletin/article.php line: 51
[2018/01/13 22:26:30] E_NOTICE ::1 /recommender/article.php?id=35 Undefined variable: page file: /opt/lampp/htdocs/recommender/html/bulletin/article.php line: 51
[2018/01/13 22:27:38] E_NOTICE ::1 /recommender/article.php?id=35 Undefined variable: page file: /opt/lampp/htdocs/recommender/html/bulletin/article.php line: 51
[2018/01/13 22:27:50] E_NOTICE ::1 /recommender/article.php?id=36 Undefined variable: page file: /opt/lampp/htdocs/recommender/html/bulletin/article.php line: 51
[2018/01/13 22:28:02] E_NOTICE ::1 /recommender/article.php?id=52 Undefined variable: page file: /opt/lampp/htdocs/recommender/html/bulletin/article.php line: 51
[2018/01/13 22:28:20] E_NOTICE ::1 /recommender/index.php?page=%3Cbr+%2F%3E%0D%0A%3Cb%3ENotice%3C%2Fb%3E%3A++Undefined+variable%3A+page+in+%3Cb%3E%2Fopt%2Flampp%2Fhtdocs%2Frecommender%2Fhtml%2Fbulletin%2Farticle.php%3C%2Fb%3E+on+line+%3Cb%3E51%3C%2Fb%3E%3Cbr+%2F%3E%0D%0A 404 Not Found 
[2018/01/13 22:28:23] E_NOTICE ::1 /recommender/article.php?id=52 Undefined variable: page file: /opt/lampp/htdocs/recommender/html/bulletin/article.php line: 51
[2018/01/13 22:30:48] E_NOTICE ::1 /recommender/article.php?id=52 Undefined variable: page file: /opt/lampp/htdocs/recommender/html/bulletin/article.php line: 51
[2018/01/13 22:30:49] E_NOTICE ::1 /recommender/article.php?id=52 Undefined variable: page file: /opt/lampp/htdocs/recommender/html/bulletin/article.php line: 51
[2018/01/13 22:30:49] E_NOTICE ::1 /recommender/article.php?id=52 Undefined variable: page file: /opt/lampp/htdocs/recommender/html/bulletin/article.php line: 51
[2018/01/13 22:30:50] E_NOTICE ::1 /recommender/article.php?id=52 Undefined variable: page file: /opt/lampp/htdocs/recommender/html/bulletin/article.php line: 51
[2018/01/13 22:30:50] E_NOTICE ::1 /recommender/article.php?id=52 Undefined variable: page file: /opt/lampp/htdocs/recommender/html/bulletin/article.php line: 51
[2018/01/13 22:30:50] E_NOTICE ::1 /recommender/article.php?id=52 Undefined variable: page file: /opt/lampp/htdocs/recommender/html/bulletin/article.php line: 51
[2018/01/13 22:30:54] E_NOTICE ::1 /recommender/article.php?id=52 Undefined variable: page file: /opt/lampp/htdocs/recommender/html/bulletin/article.php line: 51
[2018/01/13 22:31:18] E_NOTICE ::1 /recommender/article.php?id=52 Undefined variable: page file: /opt/lampp/htdocs/recommender/html/bulletin/article.php line: 51
[2018/01/13 22:31:51] E_NOTICE ::1 /recommender/article.php?id=52 Undefined variable: page file: /opt/lampp/htdocs/recommender/html/bulletin/article.php line: 51
[2018/01/13 22:32:17] E_NOTICE ::1 /recommender/article.php?id=52 Undefined variable: page file: /opt/lampp/htdocs/recommender/html/bulletin/article.php line: 51
[2018/01/13 22:32:40] E_NOTICE ::1 /recommender/article.php?id=51 Undefined variable: page file: /opt/lampp/htdocs/recommender/html/bulletin/article.php line: 51
[2018/01/13 22:35:52] E_NOTICE ::1 /recommender/article.php?id=10 Undefined variable: page file: /opt/lampp/htdocs/recommender/html/bulletin/article.php line: 51
[2018/01/13 23:00:57] E_WARNING ::1 /recommender/article.php?id=10 explode() expects parameter 2 to be string, array given file: /opt/lampp/htdocs/recommender/classes/Controller/Bulletin.php line: 58
[2018/01/13 23:00:57] E_WARNING ::1 /recommender/article.php?id=10 implode(): Invalid arguments passed file: /opt/lampp/htdocs/recommender/classes/Controller/Bulletin.php line: 59
[2018/01/13 23:01:26] E_WARNING ::1 /recommender/article.php?id=10 explode() expects parameter 2 to be string, array given file: /opt/lampp/htdocs/recommender/classes/Controller/Bulletin.php line: 58
[2018/01/13 23:01:26] E_WARNING ::1 /recommender/article.php?id=10 implode(): Invalid arguments passed file: /opt/lampp/htdocs/recommender/classes/Controller/Bulletin.php line: 59
[2018/01/13 23:01:28] E_WARNING ::1 /recommender/article.php?id=10 explode() expects parameter 2 to be string, array given file: /opt/lampp/htdocs/recommender/classes/Controller/Bulletin.php line: 58
[2018/01/13 23:01:28] E_WARNING ::1 /recommender/article.php?id=10 implode(): Invalid arguments passed file: /opt/lampp/htdocs/recommender/classes/Controller/Bulletin.php line: 59
[2018/01/13 23:01:29] E_WARNING ::1 /recommender/article.php?id=10 explode() expects parameter 2 to be string, array given file: /opt/lampp/htdocs/recommender/classes/Controller/Bulletin.php line: 58
[2018/01/13 23:01:29] E_WARNING ::1 /recommender/article.php?id=10 implode(): Invalid arguments passed file: /opt/lampp/htdocs/recommender/classes/Controller/Bulletin.php line: 59
[2018/01/13 23:01:29] E_WARNING ::1 /recommender/article.php?id=10 explode() expects parameter 2 to be string, array given file: /opt/lampp/htdocs/recommender/classes/Controller/Bulletin.php line: 58
[2018/01/13 23:01:29] E_WARNING ::1 /recommender/article.php?id=10 implode(): Invalid arguments passed file: /opt/lampp/htdocs/recommender/classes/Controller/Bulletin.php line: 59
[2018/01/13 23:01:29] E_WARNING ::1 /recommender/article.php?id=10 explode() expects parameter 2 to be string, array given file: /opt/lampp/htdocs/recommender/classes/Controller/Bulletin.php line: 58
[2018/01/13 23:01:29] E_WARNING ::1 /recommender/article.php?id=10 implode(): Invalid arguments passed file: /opt/lampp/htdocs/recommender/classes/Controller/Bulletin.php line: 59
[2018/01/13 23:01:29] E_WARNING ::1 /recommender/article.php?id=10 explode() expects parameter 2 to be string, array given file: /opt/lampp/htdocs/recommender/classes/Controller/Bulletin.php line: 58
[2018/01/13 23:01:29] E_WARNING ::1 /recommender/article.php?id=10 implode(): Invalid arguments passed file: /opt/lampp/htdocs/recommender/classes/Controller/Bulletin.php line: 59
[2018/01/13 23:01:33] E_WARNING ::1 /recommender/article.php?id=10 explode() expects parameter 2 to be string, array given file: /opt/lampp/htdocs/recommender/classes/Controller/Bulletin.php line: 58
[2018/01/13 23:01:33] E_WARNING ::1 /recommender/article.php?id=10 implode(): Invalid arguments passed file: /opt/lampp/htdocs/recommender/classes/Controller/Bulletin.php line: 59
[2018/01/13 23:02:16] E_NOTICE ::1 /recommender/article.php?id=10 Undefined variable: page file: /opt/lampp/htdocs/recommender/html/bulletin/article.php line: 74
[2018/01/13 23:05:01] E_NOTICE ::1 /recommender/article.php?id=10 Undefined variable: page file: /opt/lampp/htdocs/recommender/html/bulletin/article.php line: 74
[2018/01/13 23:05:45] E_NOTICE ::1 /recommender/article.php?id=10 Undefined variable: page file: /opt/lampp/htdocs/recommender/html/bulletin/article.php line: 72
[2018/01/13 23:06:04] E_NOTICE ::1 /recommender/article.php?id=7 Undefined variable: page file: /opt/lampp/htdocs/recommender/html/bulletin/article.php line: 72
[2018/01/13 23:06:08] E_NOTICE ::1 /recommender/article.php?id=242 Undefined variable: page file: /opt/lampp/htdocs/recommender/html/bulletin/article.php line: 72
[2018/01/13 23:06:16] E_NOTICE ::1 /recommender/article.php?id=7 Undefined variable: page file: /opt/lampp/htdocs/recommender/html/bulletin/article.php line: 72
[2018/01/13 23:06:18] E_NOTICE ::1 /recommender/article.php?id=90 Undefined variable: page file: /opt/lampp/htdocs/recommender/html/bulletin/article.php line: 72
[2018/01/13 23:06:21] E_NOTICE ::1 /recommender/article.php?id=30 Undefined variable: page file: /opt/lampp/htdocs/recommender/html/bulletin/article.php line: 72
[2018/01/13 23:06:24] E_NOTICE ::1 /recommender/article.php?id=79 Undefined variable: page file: /opt/lampp/htdocs/recommender/html/bulletin/article.php line: 72
[2018/01/13 23:06:32] E_NOTICE ::1 /recommender/article.php?id=277 Undefined variable: page file: /opt/lampp/htdocs/recommender/html/bulletin/article.php line: 72
[2018/01/13 23:06:48] E_NOTICE ::1 /recommender/article.php?id=234 Undefined variable: page file: /opt/lampp/htdocs/recommender/html/bulletin/article.php line: 72
[2018/01/13 23:07:24] E_NOTICE ::1 /recommender/article.php?id=234 Undefined variable: page file: /opt/lampp/htdocs/recommender/html/bulletin/article.php line: 72
[2018/01/13 23:07:25] E_NOTICE ::1 /recommender/article.php?id=234 Undefined variable: page file: /opt/lampp/htdocs/recommender/html/bulletin/article.php line: 72
[2018/01/13 23:07:25] E_NOTICE ::1 /recommender/article.php?id=234 Undefined variable: page file: /opt/lampp/htdocs/recommender/html/bulletin/article.php line: 72
[2018/01/13 23:07:26] E_NOTICE ::1 /recommender/article.php?id=234 Undefined variable: page file: /opt/lampp/htdocs/recommender/html/bulletin/article.php line: 72
[2018/01/13 23:07:26] E_NOTICE ::1 /recommender/article.php?id=234 Undefined variable: page file: /opt/lampp/htdocs/recommender/html/bulletin/article.php line: 72
[2018/01/13 23:07:26] E_NOTICE ::1 /recommender/article.php?id=234 Undefined variable: page file: /opt/lampp/htdocs/recommender/html/bulletin/article.php line: 72
[2018/01/13 23:08:05] E_NOTICE ::1 /recommender/article.php?id=213 Undefined variable: page file: /opt/lampp/htdocs/recommender/html/bulletin/article.php line: 72
[2018/01/13 23:08:49] E_NOTICE ::1 /recommender/article.php?id=33 Undefined variable: page file: /opt/lampp/htdocs/recommender/html/bulletin/article.php line: 72
[2018/01/13 23:08:52] E_NOTICE ::1 /recommender/article.php?id=58 Undefined variable: page file: /opt/lampp/htdocs/recommender/html/bulletin/article.php line: 72
[2018/01/14 22:10:21] E_NOTICE ::1 /recommender/article.php?id=1 Undefined variable: page file: /opt/lampp/htdocs/recommender/html/bulletin/article.php line: 72
[2018/01/14 23:22:55] E_NOTICE ::1 /recommender/login.php Undefined index: pass file: /opt/lampp/htdocs/recommender/classes/Controller/User.php line: 199
[2018/01/14 23:24:07] E_NOTICE ::1 /recommender/login.php Undefined variable: email file: /opt/lampp/htdocs/recommender/classes/Controller/User.php line: 156
[2018/01/14 23:52:09] E_NOTICE ::1 /recommender/login.php Undefined variable: username file: /opt/lampp/htdocs/recommender/html/common/header.php line: 14
[2018/01/14 23:55:49] E_NOTICE ::1 /recommender/article.php?id=1 Undefined variable: comment file: /opt/lampp/htdocs/recommender/html/bulletin/article.php line: 47
[2018/01/14 23:55:49] E_NOTICE ::1 /recommender/article.php?id=1 Undefined variable: page file: /opt/lampp/htdocs/recommender/html/bulletin/article.php line: 48
[2018/01/14 23:55:49] E_NOTICE ::1 /recommender/article.php?id=1 Undefined variable: pass file: /opt/lampp/htdocs/recommender/html/bulletin/article.php line: 49
[2018/01/14 23:55:49] E_NOTICE ::1 /recommender/article.php?id=1 Undefined variable: page file: /opt/lampp/htdocs/recommender/html/bulletin/article.php line: 57
[2018/01/14 23:56:35] E_NOTICE ::1 /recommender/article.php?id=1 Undefined variable: comment file: /opt/lampp/htdocs/recommender/html/bulletin/article.php line: 47
[2018/01/14 23:56:35] E_NOTICE ::1 /recommender/article.php?id=1 Undefined variable: page file: /opt/lampp/htdocs/recommender/html/bulletin/article.php line: 48
[2018/01/14 23:56:35] E_NOTICE ::1 /recommender/article.php?id=1 Undefined variable: pass file: /opt/lampp/htdocs/recommender/html/bulletin/article.php line: 49
[2018/01/14 23:56:35] E_NOTICE ::1 /recommender/article.php?id=1 Undefined variable: page file: /opt/lampp/htdocs/recommender/html/bulletin/article.php line: 57
[2018/01/14 23:57:38] E_NOTICE ::1 /recommender/article.php?id=1 Undefined variable: comment file: /opt/lampp/htdocs/recommender/html/bulletin/article.php line: 47
[2018/01/14 23:57:38] E_NOTICE ::1 /recommender/article.php?id=1 Undefined variable: page file: /opt/lampp/htdocs/recommender/html/bulletin/article.php line: 48
[2018/01/14 23:57:38] E_NOTICE ::1 /recommender/article.php?id=1 Undefined variable: pass file: /opt/lampp/htdocs/recommender/html/bulletin/article.php line: 49
[2018/01/14 23:57:38] E_NOTICE ::1 /recommender/article.php?id=1 Undefined variable: page file: /opt/lampp/htdocs/recommender/html/bulletin/article.php line: 57
[2018/01/14 23:57:40] E_NOTICE ::1 /recommender/article.php?id=1 Undefined variable: comment file: /opt/lampp/htdocs/recommender/html/bulletin/article.php line: 47
[2018/01/14 23:57:40] E_NOTICE ::1 /recommender/article.php?id=1 Undefined variable: page file: /opt/lampp/htdocs/recommender/html/bulletin/article.php line: 48
[2018/01/14 23:57:40] E_NOTICE ::1 /recommender/article.php?id=1 Undefined variable: pass file: /opt/lampp/htdocs/recommender/html/bulletin/article.php line: 49
[2018/01/14 23:57:40] E_NOTICE ::1 /recommender/article.php?id=1 Undefined variable: page file: /opt/lampp/htdocs/recommender/html/bulletin/article.php line: 57
[2018/01/14 23:57:41] E_NOTICE ::1 /recommender/article.php?id=1 Undefined variable: comment file: /opt/lampp/htdocs/recommender/html/bulletin/article.php line: 47
[2018/01/14 23:57:41] E_NOTICE ::1 /recommender/article.php?id=1 Undefined variable: page file: /opt/lampp/htdocs/recommender/html/bulletin/article.php line: 48
[2018/01/14 23:57:41] E_NOTICE ::1 /recommender/article.php?id=1 Undefined variable: pass file: /opt/lampp/htdocs/recommender/html/bulletin/article.php line: 49
[2018/01/14 23:57:41] E_NOTICE ::1 /recommender/article.php?id=1 Undefined variable: page file: /opt/lampp/htdocs/recommender/html/bulletin/article.php line: 57
[2018/01/14 23:57:41] E_NOTICE ::1 /recommender/article.php?id=1 Undefined variable: comment file: /opt/lampp/htdocs/recommender/html/bulletin/article.php line: 47
[2018/01/14 23:57:41] E_NOTICE ::1 /recommender/article.php?id=1 Undefined variable: page file: /opt/lampp/htdocs/recommender/html/bulletin/article.php line: 48
[2018/01/14 23:57:41] E_NOTICE ::1 /recommender/article.php?id=1 Undefined variable: pass file: /opt/lampp/htdocs/recommender/html/bulletin/article.php line: 49
[2018/01/14 23:57:41] E_NOTICE ::1 /recommender/article.php?id=1 Undefined variable: page file: /opt/lampp/htdocs/recommender/html/bulletin/article.php line: 57
[2018/01/14 23:57:41] E_NOTICE ::1 /recommender/article.php?id=1 Undefined variable: comment file: /opt/lampp/htdocs/recommender/html/bulletin/article.php line: 47
[2018/01/14 23:57:41] E_NOTICE ::1 /recommender/article.php?id=1 Undefined variable: page file: /opt/lampp/htdocs/recommender/html/bulletin/article.php line: 48
[2018/01/14 23:57:41] E_NOTICE ::1 /recommender/article.php?id=1 Undefined variable: pass file: /opt/lampp/htdocs/recommender/html/bulletin/article.php line: 49
[2018/01/14 23:57:41] E_NOTICE ::1 /recommender/article.php?id=1 Undefined variable: page file: /opt/lampp/htdocs/recommender/html/bulletin/article.php line: 57
[2018/01/14 23:57:42] E_NOTICE ::1 /recommender/article.php?id=1 Undefined variable: comment file: /opt/lampp/htdocs/recommender/html/bulletin/article.php line: 47
[2018/01/14 23:57:42] E_NOTICE ::1 /recommender/article.php?id=1 Undefined variable: page file: /opt/lampp/htdocs/recommender/html/bulletin/article.php line: 48
[2018/01/14 23:57:42] E_NOTICE ::1 /recommender/article.php?id=1 Undefined variable: pass file: /opt/lampp/htdocs/recommender/html/bulletin/article.php line: 49
[2018/01/14 23:57:42] E_NOTICE ::1 /recommender/article.php?id=1 Undefined variable: page file: /opt/lampp/htdocs/recommender/html/bulletin/article.php line: 57
[2018/01/15 00:01:21] E_NOTICE ::1 /recommender/article.php?id=10 Undefined variable: comment file: /opt/lampp/htdocs/recommender/html/bulletin/article.php line: 47
[2018/01/15 00:01:21] E_NOTICE ::1 /recommender/article.php?id=10 Undefined variable: page file: /opt/lampp/htdocs/recommender/html/bulletin/article.php line: 48
[2018/01/15 00:01:21] E_NOTICE ::1 /recommender/article.php?id=10 Undefined variable: pass file: /opt/lampp/htdocs/recommender/html/bulletin/article.php line: 49
[2018/01/15 00:01:21] E_NOTICE ::1 /recommender/article.php?id=10 Undefined variable: page file: /opt/lampp/htdocs/recommender/html/bulletin/article.php line: 57
[2018/01/15 00:11:12] E_NOTICE ::1 /recommender/article.php?id=10 Undefined variable: comment file: /opt/lampp/htdocs/recommender/html/bulletin/article.php line: 47
[2018/01/15 00:11:12] E_NOTICE ::1 /recommender/article.php?id=10 Undefined variable: page file: /opt/lampp/htdocs/recommender/html/bulletin/article.php line: 48
[2018/01/15 00:11:12] E_NOTICE ::1 /recommender/article.php?id=10 Undefined variable: pass file: /opt/lampp/htdocs/recommender/html/bulletin/article.php line: 49
[2018/01/15 00:11:12] E_NOTICE ::1 /recommender/article.php?id=10 Undefined variable: page file: /opt/lampp/htdocs/recommender/html/bulletin/article.php line: 57
[2018/01/15 00:11:13] E_NOTICE ::1 /recommender/article.php?id=10 Undefined variable: comment file: /opt/lampp/htdocs/recommender/html/bulletin/article.php line: 47
[2018/01/15 00:11:13] E_NOTICE ::1 /recommender/article.php?id=10 Undefined variable: page file: /opt/lampp/htdocs/recommender/html/bulletin/article.php line: 48
[2018/01/15 00:11:13] E_NOTICE ::1 /recommender/article.php?id=10 Undefined variable: pass file: /opt/lampp/htdocs/recommender/html/bulletin/article.php line: 49
[2018/01/15 00:11:13] E_NOTICE ::1 /recommender/article.php?id=10 Undefined variable: page file: /opt/lampp/htdocs/recommender/html/bulletin/article.php line: 57
[2018/01/15 00:11:31] E_NOTICE ::1 /recommender/article.php?id=292 Undefined variable: comment file: /opt/lampp/htdocs/recommender/html/bulletin/article.php line: 47
[2018/01/15 00:11:31] E_NOTICE ::1 /recommender/article.php?id=292 Undefined variable: page file: /opt/lampp/htdocs/recommender/html/bulletin/article.php line: 48
[2018/01/15 00:11:31] E_NOTICE ::1 /recommender/article.php?id=292 Undefined variable: pass file: /opt/lampp/htdocs/recommender/html/bulletin/article.php line: 49
[2018/01/15 00:11:31] E_NOTICE ::1 /recommender/article.php?id=292 Undefined variable: page file: /opt/lampp/htdocs/recommender/html/bulletin/article.php line: 57
[2018/01/15 11:19:00] E_NOTICE ::1 /recommender/article.php?id=1 Undefined variable: comment file: /opt/lampp/htdocs/recommender/html/bulletin/article.php line: 47
[2018/01/15 11:19:00] E_NOTICE ::1 /recommender/article.php?id=1 Undefined variable: page file: /opt/lampp/htdocs/recommender/html/bulletin/article.php line: 48
[2018/01/15 11:19:00] E_NOTICE ::1 /recommender/article.php?id=1 Undefined variable: pass file: /opt/lampp/htdocs/recommender/html/bulletin/article.php line: 49
[2018/01/15 11:19:00] E_NOTICE ::1 /recommender/article.php?id=1 Undefined variable: page file: /opt/lampp/htdocs/recommender/html/bulletin/article.php line: 57
[2018/01/15 11:21:25] E_NOTICE ::1 /recommender/article.php?id=146 Undefined variable: comment file: /opt/lampp/htdocs/recommender/html/bulletin/article.php line: 47
[2018/01/15 11:21:25] E_NOTICE ::1 /recommender/article.php?id=146 Undefined variable: page file: /opt/lampp/htdocs/recommender/html/bulletin/article.php line: 48
[2018/01/15 11:21:25] E_NOTICE ::1 /recommender/article.php?id=146 Undefined variable: pass file: /opt/lampp/htdocs/recommender/html/bulletin/article.php line: 49
[2018/01/15 11:21:25] E_NOTICE ::1 /recommender/article.php?id=146 Undefined variable: page file: /opt/lampp/htdocs/recommender/html/bulletin/article.php line: 57
[2018/01/15 11:21:31] E_NOTICE ::1 /recommender/article.php?id=193 Undefined variable: comment file: /opt/lampp/htdocs/recommender/html/bulletin/article.php line: 47
[2018/01/15 11:21:31] E_NOTICE ::1 /recommender/article.php?id=193 Undefined variable: page file: /opt/lampp/htdocs/recommender/html/bulletin/article.php line: 48
[2018/01/15 11:21:31] E_NOTICE ::1 /recommender/article.php?id=193 Undefined variable: pass file: /opt/lampp/htdocs/recommender/html/bulletin/article.php line: 49
[2018/01/15 11:21:31] E_NOTICE ::1 /recommender/article.php?id=193 Undefined variable: page file: /opt/lampp/htdocs/recommender/html/bulletin/article.php line: 57
[2018/01/15 11:33:02] E_NOTICE ::1 /recommender/article.php?id=193 Undefined index: id file: /opt/lampp/htdocs/recommender/html/bulletin/article.php line: 47
[2018/01/15 11:33:02] E_NOTICE ::1 /recommender/article.php?id=193 Undefined variable: page file: /opt/lampp/htdocs/recommender/html/bulletin/article.php line: 48
[2018/01/15 11:33:04] E_NOTICE ::1 /recommender/article.php?id=193 Undefined index: id file: /opt/lampp/htdocs/recommender/html/bulletin/article.php line: 47
[2018/01/15 11:33:04] E_NOTICE ::1 /recommender/article.php?id=193 Undefined variable: page file: /opt/lampp/htdocs/recommender/html/bulletin/article.php line: 48
[2018/01/15 11:33:40] E_NOTICE ::1 /recommender/article.php?id=193 Undefined index: id file: /opt/lampp/htdocs/recommender/html/bulletin/article.php line: 26
[2018/01/15 11:33:40] E_NOTICE ::1 /recommender/article.php?id=193 Undefined variable: page file: /opt/lampp/htdocs/recommender/html/bulletin/article.php line: 27
[2018/01/15 11:33:58] E_NOTICE ::1 /recommender/article.php?id=193 Undefined index: id file: /opt/lampp/htdocs/recommender/html/bulletin/article.php line: 24
[2018/01/15 11:33:58] E_NOTICE ::1 /recommender/article.php?id=193 Undefined variable: page file: /opt/lampp/htdocs/recommender/html/bulletin/article.php line: 25
[2018/01/15 11:34:46] E_NOTICE ::1 /recommender/article.php?id=193 Undefined index: id file: /opt/lampp/htdocs/recommender/html/bulletin/article.php line: 25
[2018/01/15 11:34:46] E_NOTICE ::1 /recommender/article.php?id=193 Undefined variable: page file: /opt/lampp/htdocs/recommender/html/bulletin/article.php line: 26
[2018/01/15 11:34:55] E_NOTICE ::1 /recommender/article.php?id=193 Undefined index: id file: /opt/lampp/htdocs/recommender/html/bulletin/article.php line: 25
[2018/01/15 11:34:55] E_NOTICE ::1 /recommender/article.php?id=193 Undefined variable: page file: /opt/lampp/htdocs/recommender/html/bulletin/article.php line: 26
[2018/01/15 11:35:31] E_NOTICE ::1 /recommender/article.php?id=193 Undefined index: id file: /opt/lampp/htdocs/recommender/html/bulletin/article.php line: 25
[2018/01/15 11:35:31] E_NOTICE ::1 /recommender/article.php?id=193 Undefined variable: page file: /opt/lampp/htdocs/recommender/html/bulletin/article.php line: 26
[2018/01/15 11:35:32] E_NOTICE ::1 /recommender/article.php?id=193 Undefined index: id file: /opt/lampp/htdocs/recommender/html/bulletin/article.php line: 25
[2018/01/15 11:35:32] E_NOTICE ::1 /recommender/article.php?id=193 Undefined variable: page file: /opt/lampp/htdocs/recommender/html/bulletin/article.php line: 26
[2018/01/15 11:35:32] E_NOTICE ::1 /recommender/article.php?id=193 Undefined index: id file: /opt/lampp/htdocs/recommender/html/bulletin/article.php line: 25
[2018/01/15 11:35:32] E_NOTICE ::1 /recommender/article.php?id=193 Undefined variable: page file: /opt/lampp/htdocs/recommender/html/bulletin/article.php line: 26
[2018/01/15 11:35:32] E_NOTICE ::1 /recommender/article.php?id=193 Undefined index: id file: /opt/lampp/htdocs/recommender/html/bulletin/article.php line: 25
[2018/01/15 11:35:32] E_NOTICE ::1 /recommender/article.php?id=193 Undefined variable: page file: /opt/lampp/htdocs/recommender/html/bulletin/article.php line: 26
[2018/01/15 11:35:33] E_NOTICE ::1 /recommender/article.php?id=193 Undefined index: id file: /opt/lampp/htdocs/recommender/html/bulletin/article.php line: 25
[2018/01/15 11:35:33] E_NOTICE ::1 /recommender/article.php?id=193 Undefined variable: page file: /opt/lampp/htdocs/recommender/html/bulletin/article.php line: 26
[2018/01/15 11:36:17] E_NOTICE ::1 /recommender/article.php?id=193 Undefined index: id file: /opt/lampp/htdocs/recommender/html/bulletin/article.php line: 25
[2018/01/15 11:36:17] E_NOTICE ::1 /recommender/article.php?id=193 Undefined variable: page file: /opt/lampp/htdocs/recommender/html/bulletin/article.php line: 26
[2018/01/15 11:36:18] E_NOTICE ::1 /recommender/article.php?id=193 Undefined index: id file: /opt/lampp/htdocs/recommender/html/bulletin/article.php line: 25
[2018/01/15 11:36:18] E_NOTICE ::1 /recommender/article.php?id=193 Undefined variable: page file: /opt/lampp/htdocs/recommender/html/bulletin/article.php line: 26
[2018/01/15 11:36:39] E_NOTICE ::1 /recommender/article.php?id=193 Undefined index: id file: /opt/lampp/htdocs/recommender/html/bulletin/article.php line: 25
[2018/01/15 11:36:39] E_NOTICE ::1 /recommender/article.php?id=193 Undefined variable: page file: /opt/lampp/htdocs/recommender/html/bulletin/article.php line: 26
[2018/01/15 11:37:10] E_NOTICE ::1 /recommender/article.php?id=193 Undefined index: id file: /opt/lampp/htdocs/recommender/html/bulletin/article.php line: 25
[2018/01/15 11:37:10] E_NOTICE ::1 /recommender/article.php?id=193 Undefined variable: page file: /opt/lampp/htdocs/recommender/html/bulletin/article.php line: 26
[2018/01/15 11:37:17] E_NOTICE ::1 /recommender/article.php?id=193 Undefined index: id file: /opt/lampp/htdocs/recommender/html/bulletin/article.php line: 25
[2018/01/15 11:37:17] E_NOTICE ::1 /recommender/article.php?id=193 Undefined variable: page file: /opt/lampp/htdocs/recommender/html/bulletin/article.php line: 26
[2018/01/15 11:38:24] E_NOTICE ::1 /recommender/article.php?id=193 Undefined index: id file: /opt/lampp/htdocs/recommender/html/bulletin/article.php line: 25
[2018/01/15 11:38:24] E_NOTICE ::1 /recommender/article.php?id=193 Undefined variable: page file: /opt/lampp/htdocs/recommender/html/bulletin/article.php line: 26
[2018/01/15 11:39:58] E_NOTICE ::1 /recommender/article.php?id=193 Undefined index: id file: /opt/lampp/htdocs/recommender/html/bulletin/article.php line: 25
[2018/01/15 11:39:58] E_NOTICE ::1 /recommender/article.php?id=193 Undefined variable: page file: /opt/lampp/htdocs/recommender/html/bulletin/article.php line: 26
[2018/01/15 11:43:05] E_NOTICE ::1 /recommender/article.php?id=193 Undefined variable: page file: /opt/lampp/htdocs/recommender/html/bulletin/article.php line: 26
[2018/01/15 11:44:02] E_NOTICE ::1 /recommender/article.php?id=193 Undefined variable: page file: /opt/lampp/htdocs/recommender/html/bulletin/article.php line: 26
[2018/01/15 11:44:31] E_NOTICE ::1 /recommender/article.php?id=193 Undefined variable: page file: /opt/lampp/htdocs/recommender/html/bulletin/article.php line: 26
[2018/01/15 11:48:12] E_NOTICE ::1 /recommender/article.php?id=193 Undefined variable: page file: /opt/lampp/htdocs/recommender/html/bulletin/article.php line: 26
[2018/01/15 11:48:12] E_NOTICE ::1 /recommender/article.php?id=193 Undefined variable: page file: /opt/lampp/htdocs/recommender/html/bulletin/article.php line: 29
[2018/01/15 11:48:42] E_NOTICE ::1 /recommender/article.php?id=193 Undefined variable: page file: /opt/lampp/htdocs/recommender/html/bulletin/article.php line: 26
[2018/01/15 11:48:42] E_NOTICE ::1 /recommender/article.php?id=193 Undefined variable: page file: /opt/lampp/htdocs/recommender/html/bulletin/article.php line: 29
